# JRE version: Java(TM) SE Runtime Environment (8.0_311-b11) (build 1.8.0_311-b11)
# Java VM: Java HotSpot(TM) 64-Bit Server VM (25.311-b11 mixed mode windows-amd64 compressed oops)
Heap:
 PSYoungGen      total 322560K, used 217435K [0x00000000d5f80000, 0x00000000f2d00000, 0x0000000100000000)
  eden space 301568K, 65% used [0x00000000d5f80000,0x00000000e201b060,0x00000000e8600000)
  from space 20992K, 96% used [0x00000000e8600000,0x00000000e99bbf00,0x00000000e9a80000)
  to   space 23552K, 0% used [0x00000000f1600000,0x00000000f1600000,0x00000000f2d00000)
 ParOldGen       total 120320K, used 31195K [0x0000000081e00000, 0x0000000089380000, 0x00000000d5f80000)
  object space 120320K, 25% used [0x0000000081e00000,0x0000000083c76d98,0x0000000089380000)
 Metaspace       used 67263K, capacity 69886K, committed 70400K, reserved 1110016K
  class space    used 8644K, capacity 9134K, committed 9216K, reserved 1048576K
GC Heap History (10 events):
Event: 18.219 GC heap before
{Heap before GC invocations=12 (full 2):
 PSYoungGen      total 205312K, used 192000K [0x00000000d5f80000, 0x00000000e8500000, 0x0000000100000000)
  eden space 192000K, 100% used [0x00000000d5f80000,0x00000000e1b00000,0x00000000e1b00000)
  from space 13312K, 0% used [0x00000000e1b00000,0x00000000e1b00000,0x00000000e2800000)
  to   space 16384K, 0% used [0x00000000e7500000,0x00000000e7500000,0x00000000e8500000)
 ParOldGen       total 92672K, used 20268K [0x0000000081e00000, 0x0000000087880000, 0x00000000d5f80000)
  object space 92672K, 21% used [0x0000000081e00000,0x00000000831cb1c0,0x0000000087880000)
 Metaspace       used 39315K, capacity 41406K, committed 41472K, reserved 1085440K
  class space    used 4957K, capacity 5356K, committed 5376K, reserved 1048576K
Event: 18.233 GC heap after
Heap after GC invocations=12 (full 2):
 PSYoungGen      total 251904K, used 10736K [0x00000000d5f80000, 0x00000000e7f80000, 0x0000000100000000)
  eden space 241152K, 0% used [0x00000000d5f80000,0x00000000d5f80000,0x00000000e4b00000)
  from space 10752K, 99% used [0x00000000e7500000,0x00000000e7f7c3d8,0x00000000e7f80000)
  to   space 16384K, 0% used [0x00000000e5f80000,0x00000000e5f80000,0x00000000e6f80000)
 ParOldGen       total 92672K, used 20276K [0x0000000081e00000, 0x0000000087880000, 0x00000000d5f80000)
  object space 92672K, 21% used [0x0000000081e00000,0x00000000831cd1c0,0x0000000087880000)
 Metaspace       used 39315K, capacity 41406K, committed 41472K, reserved 1085440K
  class space    used 4957K, capacity 5356K, committed 5376K, reserved 1048576K
}
Event: 28.287 GC heap before
{Heap before GC invocations=13 (full 2):
 PSYoungGen      total 251904K, used 251888K [0x00000000d5f80000, 0x00000000e7f80000, 0x0000000100000000)
  eden space 241152K, 100% used [0x00000000d5f80000,0x00000000e4b00000,0x00000000e4b00000)
  from space 10752K, 99% used [0x00000000e7500000,0x00000000e7f7c3d8,0x00000000e7f80000)
  to   space 16384K, 0% used [0x00000000e5f80000,0x00000000e5f80000,0x00000000e6f80000)
 ParOldGen       total 92672K, used 20276K [0x0000000081e00000, 0x0000000087880000, 0x00000000d5f80000)
  object space 92672K, 21% used [0x0000000081e00000,0x00000000831cd1c0,0x0000000087880000)
 Metaspace       used 54938K, capacity 57428K, committed 57728K, reserved 1099776K
  class space    used 7000K, capacity 7469K, committed 7552K, reserved 1048576K
Event: 28.372 GC heap after
Heap after GC invocations=13 (full 2):
 PSYoungGen      total 278528K, used 16363K [0x00000000d5f80000, 0x00000000eb000000, 0x0000000100000000)
  eden space 262144K, 0% used [0x00000000d5f80000,0x00000000d5f80000,0x00000000e5f80000)
  from space 16384K, 99% used [0x00000000e5f80000,0x00000000e6f7ac50,0x00000000e6f80000)
  to   space 22016K, 0% used [0x00000000e9a80000,0x00000000e9a80000,0x00000000eb000000)
 ParOldGen       total 92672K, used 28950K [0x0000000081e00000, 0x0000000087880000, 0x00000000d5f80000)
  object space 92672K, 31% used [0x0000000081e00000,0x0000000083a45a68,0x0000000087880000)
 Metaspace       used 54938K, capacity 57428K, committed 57728K, reserved 1099776K
  class space    used 7000K, capacity 7469K, committed 7552K, reserved 1048576K
}
Event: 28.598 GC heap before
{Heap before GC invocations=14 (full 2):
 PSYoungGen      total 278528K, used 27176K [0x00000000d5f80000, 0x00000000eb000000, 0x0000000100000000)
  eden space 262144K, 4% used [0x00000000d5f80000,0x00000000d6a0f508,0x00000000e5f80000)
  from space 16384K, 99% used [0x00000000e5f80000,0x00000000e6f7ac50,0x00000000e6f80000)
  to   space 22016K, 0% used [0x00000000e9a80000,0x00000000e9a80000,0x00000000eb000000)
 ParOldGen       total 92672K, used 28950K [0x0000000081e00000, 0x0000000087880000, 0x00000000d5f80000)
  object space 92672K, 31% used [0x0000000081e00000,0x0000000083a45a68,0x0000000087880000)
 Metaspace       used 56397K, capacity 58808K, committed 59160K, reserved 1101824K
  class space    used 7240K, capacity 7693K, committed 7808K, reserved 1048576K
Event: 28.625 GC heap after
Heap after GC invocations=14 (full 2):
 PSYoungGen      total 323584K, used 8954K [0x00000000d5f80000, 0x00000000ef480000, 0x0000000100000000)
  eden space 301568K, 0% used [0x00000000d5f80000,0x00000000d5f80000,0x00000000e8600000)
  from space 22016K, 40% used [0x00000000e9a80000,0x00000000ea33eb10,0x00000000eb000000)
  to   space 20992K, 0% used [0x00000000e8600000,0x00000000e8600000,0x00000000e9a80000)
 ParOldGen       total 92672K, used 35205K [0x0000000081e00000, 0x0000000087880000, 0x00000000d5f80000)
  object space 92672K, 37% used [0x0000000081e00000,0x0000000084061508,0x0000000087880000)
 Metaspace       used 56397K, capacity 58808K, committed 59160K, reserved 1101824K
  class space    used 7240K, capacity 7693K, committed 7808K, reserved 1048576K
}
Event: 28.625 GC heap before
{Heap before GC invocations=15 (full 3):
 PSYoungGen      total 323584K, used 8954K [0x00000000d5f80000, 0x00000000ef480000, 0x0000000100000000)
  eden space 301568K, 0% used [0x00000000d5f80000,0x00000000d5f80000,0x00000000e8600000)
  from space 22016K, 40% used [0x00000000e9a80000,0x00000000ea33eb10,0x00000000eb000000)
  to   space 20992K, 0% used [0x00000000e8600000,0x00000000e8600000,0x00000000e9a80000)
 ParOldGen       total 92672K, used 35205K [0x0000000081e00000, 0x0000000087880000, 0x00000000d5f80000)
  object space 92672K, 37% used [0x0000000081e00000,0x0000000084061508,0x0000000087880000)
 Metaspace       used 56397K, capacity 58808K, committed 59160K, reserved 1101824K
  class space    used 7240K, capacity 7693K, committed 7808K, reserved 1048576K
Event: 28.873 GC heap after
Heap after GC invocations=15 (full 3):
 PSYoungGen      total 323584K, used 0K [0x00000000d5f80000, 0x00000000ef480000, 0x0000000100000000)
  eden space 301568K, 0% used [0x00000000d5f80000,0x00000000d5f80000,0x00000000e8600000)
  from space 22016K, 0% used [0x00000000e9a80000,0x00000000e9a80000,0x00000000eb000000)
  to   space 20992K, 0% used [0x00000000e8600000,0x00000000e8600000,0x00000000e9a80000)
 ParOldGen       total 120320K, used 31187K [0x0000000081e00000, 0x0000000089380000, 0x00000000d5f80000)
  object space 120320K, 25% used [0x0000000081e00000,0x0000000083c74d98,0x0000000089380000)
 Metaspace       used 56397K, capacity 58808K, committed 59160K, reserved 1101824K
  class space    used 7240K, capacity 7693K, committed 7808K, reserved 1048576K
}
Event: 34.683 GC heap before
{Heap before GC invocations=16 (full 3):
 PSYoungGen      total 323584K, used 301568K [0x00000000d5f80000, 0x00000000ef480000, 0x0000000100000000)
  eden space 301568K, 100% used [0x00000000d5f80000,0x00000000e8600000,0x00000000e8600000)
  from space 22016K, 0% used [0x00000000e9a80000,0x00000000e9a80000,0x00000000eb000000)
  to   space 20992K, 0% used [0x00000000e8600000,0x00000000e8600000,0x00000000e9a80000)
 ParOldGen       total 120320K, used 31187K [0x0000000081e00000, 0x0000000089380000, 0x00000000d5f80000)
  object space 120320K, 25% used [0x0000000081e00000,0x0000000083c74d98,0x0000000089380000)
 Metaspace       used 66468K, capacity 69054K, committed 69504K, reserved 1110016K
  class space    used 8598K, capacity 9070K, committed 9088K, reserved 1048576K
Event: 34.876 GC heap after
Heap after GC invocations=16 (full 3):
 PSYoungGen      total 322560K, used 20207K [0x00000000d5f80000, 0x00000000f2d00000, 0x0000000100000000)
  eden space 301568K, 0% used [0x00000000d5f80000,0x00000000d5f80000,0x00000000e8600000)
  from space 20992K, 96% used [0x00000000e8600000,0x00000000e99bbf00,0x00000000e9a80000)
  to   space 23552K, 0% used [0x00000000f1600000,0x00000000f1600000,0x00000000f2d00000)
 ParOldGen       total 120320K, used 31195K [0x0000000081e00000, 0x0000000089380000, 0x00000000d5f80000)
  object space 120320K, 25% used [0x0000000081e00000,0x0000000083c76d98,0x0000000089380000)
 Metaspace       used 66468K, capacity 69054K, committed 69504K, reserved 1110016K
  class space    used 8598K, capacity 9070K, committed 9088K, reserved 1048576K
}

